
*** Running vivado
    with args -log fir_filter.vdi -applog -m64 -product Vivado -messageDb vivado.pb -mode batch -source fir_filter.tcl -notrace



****** Vivado v2024.2 (64-bit)
  **** SW Build 5239630 on Fri Nov 08 22:35:27 MST 2024
  **** IP Build 5239520 on Sun Nov 10 16:12:51 MST 2024
  **** SharedData Build 5239561 on Fri Nov 08 14:39:27 MST 2024
  **** Start of session at: Tue Mar 18 19:24:19 2025
    ** Copyright 1986-2022 Xilinx, Inc. All Rights Reserved.
    ** Copyright 2022-2024 Advanced Micro Devices, Inc. All Rights Reserved.

source fir_filter.tcl -notrace
Command: link_design -top fir_filter -part xc7k70tfbv676-1
Design is defaulting to srcset: sources_1
Design is defaulting to constrset: constrs_1
INFO: [Device 21-403] Loading part xc7k70tfbv676-1
Netlist sorting complete. Time (s): cpu = 00:00:00 ; elapsed = 00:00:00.029 . Memory (MB): peak = 565.535 ; gain = 0.000
INFO: [Netlist 29-17] Analyzing 102 Unisim elements for replacement
INFO: [Netlist 29-28] Unisim Transformation completed in 0 CPU seconds
WARNING: [Netlist 29-101] Netlist 'fir_filter' is not ideal for floorplanning, since the cellview 'fir_filter' contains a large number of primitives.  Please consider enabling hierarchy in synthesis if you want to do floorplanning.
INFO: [Project 1-479] Netlist was created with Vivado 2024.2
INFO: [Project 1-570] Preparing netlist for logic optimization
Parsing XDC File [C:/code/FIR-Filter-Design/FIR_Pipelined/FIR_Pipelined.srcs/constrs_1/new/fir_filter.xdc]
Finished Parsing XDC File [C:/code/FIR-Filter-Design/FIR_Pipelined/FIR_Pipelined.srcs/constrs_1/new/fir_filter.xdc]
INFO: [Opt 31-138] Pushed 0 inverter(s) to 0 load pin(s).
Netlist sorting complete. Time (s): cpu = 00:00:00 ; elapsed = 00:00:00 . Memory (MB): peak = 703.867 ; gain = 0.000
INFO: [Project 1-111] Unisim Transformation Summary:
No Unisim elements were transformed.

7 Infos, 1 Warnings, 0 Critical Warnings and 0 Errors encountered.
link_design completed successfully
Command: opt_design
Attempting to get a license for feature 'Implementation' and/or device 'xc7k70t'
INFO: [Common 17-349] Got license for feature 'Implementation' and/or device 'xc7k70t'
Running DRC as a precondition to command opt_design

Starting DRC Task
INFO: [DRC 23-27] Running DRC with 2 threads
INFO: [Project 1-461] DRC finished with 0 Errors
INFO: [Project 1-462] Please refer to the DRC report (report_drc) for more information.

Time (s): cpu = 00:00:01 ; elapsed = 00:00:00.739 . Memory (MB): peak = 737.438 ; gain = 33.570

Starting Cache Timing Information Task
INFO: [Timing 38-35] Done setting XDC timing constraints.
Ending Cache Timing Information Task | Checksum: 219b8f7da

Time (s): cpu = 00:00:07 ; elapsed = 00:00:06 . Memory (MB): peak = 1296.750 ; gain = 559.312

Starting Logic Optimization Task

Phase 1 Initialization

Phase 1.1 Core Generation And Design Setup
Phase 1.1 Core Generation And Design Setup | Checksum: 219b8f7da

Time (s): cpu = 00:00:00 ; elapsed = 00:00:00.003 . Memory (MB): peak = 1699.395 ; gain = 0.000

Phase 1.2 Setup Constraints And Sort Netlist
Phase 1.2 Setup Constraints And Sort Netlist | Checksum: 219b8f7da

Time (s): cpu = 00:00:00 ; elapsed = 00:00:00.005 . Memory (MB): peak = 1699.395 ; gain = 0.000
Phase 1 Initialization | Checksum: 219b8f7da

Time (s): cpu = 00:00:00 ; elapsed = 00:00:00.005 . Memory (MB): peak = 1699.395 ; gain = 0.000

Phase 2 Timer Update And Timing Data Collection

Phase 2.1 Timer Update
Phase 2.1 Timer Update | Checksum: 219b8f7da

Time (s): cpu = 00:00:00 ; elapsed = 00:00:00.063 . Memory (MB): peak = 1699.395 ; gain = 0.000

Phase 2.2 Timing Data Collection
Phase 2.2 Timing Data Collection | Checksum: 219b8f7da

Time (s): cpu = 00:00:00 ; elapsed = 00:00:00.072 . Memory (MB): peak = 1699.395 ; gain = 0.000
Phase 2 Timer Update And Timing Data Collection | Checksum: 219b8f7da

Time (s): cpu = 00:00:00 ; elapsed = 00:00:00.072 . Memory (MB): peak = 1699.395 ; gain = 0.000

Phase 3 Retarget
INFO: [Opt 31-1851] Number of loadless carry chains removed were: 0
INFO: [Opt 31-1834] Total Chains To Be Transformed Were: 0 AND Number of Transformed insts Created are: 0
INFO: [Opt 31-138] Pushed 0 inverter(s) to 0 load pin(s).
INFO: [Opt 31-49] Retargeted 0 cell(s).
Phase 3 Retarget | Checksum: 219b8f7da

Time (s): cpu = 00:00:00 ; elapsed = 00:00:00.124 . Memory (MB): peak = 1699.395 ; gain = 0.000
Retarget | Checksum: 219b8f7da
INFO: [Opt 31-389] Phase Retarget created 0 cells and removed 0 cells

Phase 4 Constant propagation
INFO: [Opt 31-138] Pushed 0 inverter(s) to 0 load pin(s).
Phase 4 Constant propagation | Checksum: 219b8f7da

Time (s): cpu = 00:00:00 ; elapsed = 00:00:00.155 . Memory (MB): peak = 1699.395 ; gain = 0.000
Constant propagation | Checksum: 219b8f7da
INFO: [Opt 31-389] Phase Constant propagation created 0 cells and removed 0 cells

Phase 5 Sweep
INFO: [Constraints 18-11670] Building netlist checker database with flags, 0x8
Done building netlist checker database: Time (s): cpu = 00:00:00 ; elapsed = 00:00:00.001 . Memory (MB): peak = 1699.395 ; gain = 0.000
Phase 5 Sweep | Checksum: 1f0e2ebc5

Time (s): cpu = 00:00:00 ; elapsed = 00:00:00.270 . Memory (MB): peak = 1699.395 ; gain = 0.000
Sweep | Checksum: 1f0e2ebc5
INFO: [Opt 31-389] Phase Sweep created 0 cells and removed 0 cells

Phase 6 BUFG optimization
Phase 6 BUFG optimization | Checksum: 1f0e2ebc5

Time (s): cpu = 00:00:00 ; elapsed = 00:00:00.318 . Memory (MB): peak = 1699.395 ; gain = 0.000
BUFG optimization | Checksum: 1f0e2ebc5
INFO: [Opt 31-662] Phase BUFG optimization created 0 cells of which 0 are BUFGs and removed 0 cells.

Phase 7 Shift Register Optimization
INFO: [Opt 31-1064] SRL Remap converted 0 SRLs to 0 registers and converted 0 registers of register chains to 0 SRLs
Phase 7 Shift Register Optimization | Checksum: 1f0e2ebc5

Time (s): cpu = 00:00:00 ; elapsed = 00:00:00.321 . Memory (MB): peak = 1699.395 ; gain = 0.000
Shift Register Optimization | Checksum: 1f0e2ebc5
INFO: [Opt 31-389] Phase Shift Register Optimization created 0 cells and removed 0 cells

Phase 8 Post Processing Netlist
Phase 8 Post Processing Netlist | Checksum: 1f0e2ebc5

Time (s): cpu = 00:00:00 ; elapsed = 00:00:00.327 . Memory (MB): peak = 1699.395 ; gain = 0.000
Post Processing Netlist | Checksum: 1f0e2ebc5
INFO: [Opt 31-389] Phase Post Processing Netlist created 0 cells and removed 0 cells

Phase 9 Finalization

Phase 9.1 Finalizing Design Cores and Updating Shapes
Phase 9.1 Finalizing Design Cores and Updating Shapes | Checksum: 1deb98095

Time (s): cpu = 00:00:00 ; elapsed = 00:00:00.354 . Memory (MB): peak = 1699.395 ; gain = 0.000

Phase 9.2 Verifying Netlist Connectivity

Starting Connectivity Check Task

Time (s): cpu = 00:00:00 ; elapsed = 00:00:00.006 . Memory (MB): peak = 1699.395 ; gain = 0.000
Phase 9.2 Verifying Netlist Connectivity | Checksum: 1deb98095

Time (s): cpu = 00:00:00 ; elapsed = 00:00:00.360 . Memory (MB): peak = 1699.395 ; gain = 0.000
Phase 9 Finalization | Checksum: 1deb98095

Time (s): cpu = 00:00:00 ; elapsed = 00:00:00.360 . Memory (MB): peak = 1699.395 ; gain = 0.000
Opt_design Change Summary
=========================


-------------------------------------------------------------------------------------------------------------------------
|  Phase                        |  #Cells created  |  #Cells Removed  |  #Constrained objects preventing optimizations  |
-------------------------------------------------------------------------------------------------------------------------
|  Retarget                     |               0  |               0  |                                              0  |
|  Constant propagation         |               0  |               0  |                                              0  |
|  Sweep                        |               0  |               0  |                                              0  |
|  BUFG optimization            |               0  |               0  |                                              0  |
|  Shift Register Optimization  |               0  |               0  |                                              0  |
|  Post Processing Netlist      |               0  |               0  |                                              0  |
-------------------------------------------------------------------------------------------------------------------------


Ending Logic Optimization Task | Checksum: 1deb98095

Time (s): cpu = 00:00:00 ; elapsed = 00:00:00.361 . Memory (MB): peak = 1699.395 ; gain = 0.000

Starting Power Optimization Task
INFO: [Pwropt 34-132] Skipping clock gating for clocks with a period < 2.00 ns.
Ending Power Optimization Task | Checksum: 1deb98095

Time (s): cpu = 00:00:00 ; elapsed = 00:00:00.008 . Memory (MB): peak = 1699.395 ; gain = 0.000

Starting Final Cleanup Task
Ending Final Cleanup Task | Checksum: 1deb98095

Time (s): cpu = 00:00:00 ; elapsed = 00:00:00.001 . Memory (MB): peak = 1699.395 ; gain = 0.000

Starting Netlist Obfuscation Task
Netlist sorting complete. Time (s): cpu = 00:00:00 ; elapsed = 00:00:00 . Memory (MB): peak = 1699.395 ; gain = 0.000
Ending Netlist Obfuscation Task | Checksum: 1deb98095

Time (s): cpu = 00:00:00 ; elapsed = 00:00:00.001 . Memory (MB): peak = 1699.395 ; gain = 0.000
INFO: [Common 17-83] Releasing license: Implementation
27 Infos, 1 Warnings, 0 Critical Warnings and 0 Errors encountered.
opt_design completed successfully
opt_design: Time (s): cpu = 00:00:10 ; elapsed = 00:00:10 . Memory (MB): peak = 1699.395 ; gain = 995.527
INFO: [Vivado 12-24828] Executing command : report_drc -file fir_filter_drc_opted.rpt -pb fir_filter_drc_opted.pb -rpx fir_filter_drc_opted.rpx
Command: report_drc -file fir_filter_drc_opted.rpt -pb fir_filter_drc_opted.pb -rpx fir_filter_drc_opted.rpx
INFO: [IP_Flow 19-234] Refreshing IP repositories
INFO: [IP_Flow 19-1704] No user IP repositories specified
INFO: [IP_Flow 19-2313] Loaded Vivado IP repository 'D:/Xilinx/Vivado/2024.2/data/ip'.
INFO: [DRC 23-27] Running DRC with 2 threads
INFO: [Vivado_Tcl 2-168] The results of DRC are in file C:/code/FIR-Filter-Design/FIR_Pipelined/FIR_Pipelined.runs/impl_1/fir_filter_drc_opted.rpt.
report_drc completed successfully
INFO: [Timing 38-480] Writing timing data to binary archive.
Write ShapeDB Complete: Time (s): cpu = 00:00:00 ; elapsed = 00:00:00.001 . Memory (MB): peak = 1699.395 ; gain = 0.000
INFO: [Common 17-1381] The checkpoint 'C:/code/FIR-Filter-Design/FIR_Pipelined/FIR_Pipelined.runs/impl_1/fir_filter_opt.dcp' has been generated.
Command: place_design
Attempting to get a license for feature 'Implementation' and/or device 'xc7k70t'
INFO: [Common 17-349] Got license for feature 'Implementation' and/or device 'xc7k70t'
INFO: [Common 17-83] Releasing license: Implementation
INFO: [DRC 23-27] Running DRC with 2 threads
INFO: [Vivado_Tcl 4-198] DRC finished with 0 Errors
INFO: [Vivado_Tcl 4-199] Please refer to the DRC report (report_drc) for more information.
Running DRC as a precondition to command place_design
INFO: [DRC 23-27] Running DRC with 2 threads
INFO: [Vivado_Tcl 4-198] DRC finished with 0 Errors
INFO: [Vivado_Tcl 4-199] Please refer to the DRC report (report_drc) for more information.
INFO: [Place 30-611] Multithreading enabled for place_design using a maximum of 2 CPUs

Starting Placer Task

Phase 1 Placer Initialization

Phase 1.1 Placer Initialization Netlist Sorting
Netlist sorting complete. Time (s): cpu = 00:00:00 ; elapsed = 00:00:00.001 . Memory (MB): peak = 1699.395 ; gain = 0.000
Phase 1.1 Placer Initialization Netlist Sorting | Checksum: 12c0521c1

Time (s): cpu = 00:00:00 ; elapsed = 00:00:00.001 . Memory (MB): peak = 1699.395 ; gain = 0.000
Netlist sorting complete. Time (s): cpu = 00:00:00 ; elapsed = 00:00:00 . Memory (MB): peak = 1699.395 ; gain = 0.000

Phase 1.2 IO Placement/ Clock Placement/ Build Placer Device
INFO: [Timing 38-35] Done setting XDC timing constraints.
Phase 1.2 IO Placement/ Clock Placement/ Build Placer Device | Checksum: 163749301

Time (s): cpu = 00:00:01 ; elapsed = 00:00:01 . Memory (MB): peak = 1699.395 ; gain = 0.000

Phase 1.3 Build Placer Netlist Model
Phase 1.3 Build Placer Netlist Model | Checksum: 2393d24ca

Time (s): cpu = 00:00:02 ; elapsed = 00:00:02 . Memory (MB): peak = 1699.395 ; gain = 0.000

Phase 1.4 Constrain Clocks/Macros
Phase 1.4 Constrain Clocks/Macros | Checksum: 2393d24ca

Time (s): cpu = 00:00:02 ; elapsed = 00:00:02 . Memory (MB): peak = 1699.395 ; gain = 0.000
Phase 1 Placer Initialization | Checksum: 2393d24ca

Time (s): cpu = 00:00:02 ; elapsed = 00:00:02 . Memory (MB): peak = 1699.395 ; gain = 0.000

Phase 2 Global Placement

Phase 2.1 Floorplanning
Phase 2.1 Floorplanning | Checksum: 1ddc9e29a

Time (s): cpu = 00:00:02 ; elapsed = 00:00:02 . Memory (MB): peak = 1699.395 ; gain = 0.000

Phase 2.2 Update Timing before SLR Path Opt
Phase 2.2 Update Timing before SLR Path Opt | Checksum: 23f906b1d

Time (s): cpu = 00:00:03 ; elapsed = 00:00:02 . Memory (MB): peak = 1699.395 ; gain = 0.000

Phase 2.3 Post-Processing in Floorplanning
Phase 2.3 Post-Processing in Floorplanning | Checksum: 23f906b1d

Time (s): cpu = 00:00:03 ; elapsed = 00:00:02 . Memory (MB): peak = 1699.395 ; gain = 0.000

Phase 2.4 Global Place Phase1
Phase 2.4 Global Place Phase1 | Checksum: 21844f04a

Time (s): cpu = 00:00:05 ; elapsed = 00:00:03 . Memory (MB): peak = 1699.395 ; gain = 0.000

Phase 2.5 Global Place Phase2

Phase 2.5.1 UpdateTiming Before Physical Synthesis
Phase 2.5.1 UpdateTiming Before Physical Synthesis | Checksum: 21844f04a

Time (s): cpu = 00:00:05 ; elapsed = 00:00:03 . Memory (MB): peak = 1699.395 ; gain = 0.000

Phase 2.5.2 Physical Synthesis In Placer
INFO: [Physopt 32-1044] Break lutnm for timing: one critical 0, two critical 0, total 0, new lutff created 0
INFO: [Physopt 32-1138] End 1 Pass. Optimized 0 net or LUT. Breaked 0 LUT, combined 0 existing LUT and moved 0 existing LUT
INFO: [Physopt 32-65] No nets found for high-fanout optimization.
INFO: [Physopt 32-232] Optimized 0 net. Created 0 new instance.
INFO: [Physopt 32-775] End 1 Pass. Optimized 0 net or cell. Created 0 new cell, deleted 0 existing cell and moved 0 existing cell
INFO: [Physopt 32-670] No setup violation found.  DSP Register Optimization was not performed.
INFO: [Physopt 32-670] No setup violation found.  Shift Register to Pipeline Optimization was not performed.
INFO: [Physopt 32-670] No setup violation found.  Shift Register Optimization was not performed.
INFO: [Physopt 32-670] No setup violation found.  BRAM Register Optimization was not performed.
INFO: [Physopt 32-670] No setup violation found.  URAM Register Optimization was not performed.
INFO: [Physopt 32-949] No candidate nets found for dynamic/static region interface net replication
INFO: [Physopt 32-775] End 1 Pass. Optimized 0 net or cell. Created 0 new cell, deleted 0 existing cell and moved 0 existing cell
Netlist sorting complete. Time (s): cpu = 00:00:00 ; elapsed = 00:00:00 . Memory (MB): peak = 1699.395 ; gain = 0.000

Summary of Physical Synthesis Optimizations
============================================


-----------------------------------------------------------------------------------------------------------------------------------------------------------
|  Optimization                                     |  Added Cells  |  Removed Cells  |  Optimized Cells/Nets  |  Dont Touch  |  Iterations  |  Elapsed   |
-----------------------------------------------------------------------------------------------------------------------------------------------------------
|  LUT Combining                                    |            0  |              0  |                     0  |           0  |           1  |  00:00:00  |
|  Retime                                           |            0  |              0  |                     0  |           0  |           1  |  00:00:00  |
|  Very High Fanout                                 |            0  |              0  |                     0  |           0  |           1  |  00:00:00  |
|  DSP Register                                     |            0  |              0  |                     0  |           0  |           0  |  00:00:00  |
|  Shift Register to Pipeline                       |            0  |              0  |                     0  |           0  |           0  |  00:00:00  |
|  Shift Register                                   |            0  |              0  |                     0  |           0  |           0  |  00:00:00  |
|  BRAM Register                                    |            0  |              0  |                     0  |           0  |           0  |  00:00:00  |
|  URAM Register                                    |            0  |              0  |                     0  |           0  |           0  |  00:00:00  |
|  Dynamic/Static Region Interface Net Replication  |            0  |              0  |                     0  |           0  |           1  |  00:00:00  |
|  Total                                            |            0  |              0  |                     0  |           0  |           4  |  00:00:00  |
-----------------------------------------------------------------------------------------------------------------------------------------------------------


Phase 2.5.2 Physical Synthesis In Placer | Checksum: 21844f04a

Time (s): cpu = 00:00:05 ; elapsed = 00:00:04 . Memory (MB): peak = 1699.395 ; gain = 0.000
Phase 2.5 Global Place Phase2 | Checksum: 24ad1b9eb

Time (s): cpu = 00:00:05 ; elapsed = 00:00:04 . Memory (MB): peak = 1699.395 ; gain = 0.000
Phase 2 Global Placement | Checksum: 24ad1b9eb

Time (s): cpu = 00:00:05 ; elapsed = 00:00:04 . Memory (MB): peak = 1699.395 ; gain = 0.000

Phase 3 Detail Placement

Phase 3.1 Commit Multi Column Macros
Phase 3.1 Commit Multi Column Macros | Checksum: 2a4baf8c8

Time (s): cpu = 00:00:06 ; elapsed = 00:00:04 . Memory (MB): peak = 1699.395 ; gain = 0.000

Phase 3.2 Commit Most Macros & LUTRAMs
Phase 3.2 Commit Most Macros & LUTRAMs | Checksum: 27382818b

Time (s): cpu = 00:00:06 ; elapsed = 00:00:04 . Memory (MB): peak = 1699.395 ; gain = 0.000

Phase 3.3 Area Swap Optimization
Phase 3.3 Area Swap Optimization | Checksum: 247e56aac

Time (s): cpu = 00:00:06 ; elapsed = 00:00:04 . Memory (MB): peak = 1699.395 ; gain = 0.000

Phase 3.4 Pipeline Register Optimization
Phase 3.4 Pipeline Register Optimization | Checksum: 1e16769b3

Time (s): cpu = 00:00:06 ; elapsed = 00:00:04 . Memory (MB): peak = 1699.395 ; gain = 0.000

Phase 3.5 Small Shape Detail Placement
Phase 3.5 Small Shape Detail Placement | Checksum: 239847695

Time (s): cpu = 00:00:06 ; elapsed = 00:00:04 . Memory (MB): peak = 1699.395 ; gain = 0.000

Phase 3.6 Re-assign LUT pins
Phase 3.6 Re-assign LUT pins | Checksum: 239847695

Time (s): cpu = 00:00:06 ; elapsed = 00:00:04 . Memory (MB): peak = 1699.395 ; gain = 0.000

Phase 3.7 Pipeline Register Optimization
Phase 3.7 Pipeline Register Optimization | Checksum: 2930a83cc

Time (s): cpu = 00:00:06 ; elapsed = 00:00:04 . Memory (MB): peak = 1699.395 ; gain = 0.000
Phase 3 Detail Placement | Checksum: 2930a83cc

Time (s): cpu = 00:00:06 ; elapsed = 00:00:04 . Memory (MB): peak = 1699.395 ; gain = 0.000

Phase 4 Post Placement Optimization and Clean-Up

Phase 4.1 Post Commit Optimization
INFO: [Timing 38-35] Done setting XDC timing constraints.
Phase 4.1 Post Commit Optimization | Checksum: 25a36c5db

Time (s): cpu = 00:00:08 ; elapsed = 00:00:06 . Memory (MB): peak = 1699.395 ; gain = 0.000

Phase 4.2 Post Placement Cleanup
Phase 4.2 Post Placement Cleanup | Checksum: 25a36c5db

Time (s): cpu = 00:00:08 ; elapsed = 00:00:06 . Memory (MB): peak = 1699.395 ; gain = 0.000

Phase 4.3 Placer Reporting

Phase 4.3.1 Print Estimated Congestion
INFO: [Place 30-612] Post-Placement Estimated Congestion 
 ____________________________________________________
|           | Global Congestion | Short Congestion  |
| Direction | Region Size       | Region Size       |
|___________|___________________|___________________|
|      North|                1x1|                1x1|
|___________|___________________|___________________|
|      South|                1x1|                1x1|
|___________|___________________|___________________|
|       East|                1x1|                1x1|
|___________|___________________|___________________|
|       West|                1x1|                1x1|
|___________|___________________|___________________|

Phase 4.3.1 Print Estimated Congestion | Checksum: 25a36c5db

Time (s): cpu = 00:00:08 ; elapsed = 00:00:06 . Memory (MB): peak = 1699.395 ; gain = 0.000
Phase 4.3 Placer Reporting | Checksum: 25a36c5db

Time (s): cpu = 00:00:08 ; elapsed = 00:00:06 . Memory (MB): peak = 1699.395 ; gain = 0.000

Phase 4.4 Final Placement Cleanup
Netlist sorting complete. Time (s): cpu = 00:00:00 ; elapsed = 00:00:00 . Memory (MB): peak = 1699.395 ; gain = 0.000

Time (s): cpu = 00:00:08 ; elapsed = 00:00:06 . Memory (MB): peak = 1699.395 ; gain = 0.000
Phase 4 Post Placement Optimization and Clean-Up | Checksum: 25a36c5db

Time (s): cpu = 00:00:08 ; elapsed = 00:00:06 . Memory (MB): peak = 1699.395 ; gain = 0.000
Ending Placer Task | Checksum: 1a29fa570

Time (s): cpu = 00:00:08 ; elapsed = 00:00:06 . Memory (MB): peak = 1699.395 ; gain = 0.000
59 Infos, 1 Warnings, 0 Critical Warnings and 0 Errors encountered.
place_design completed successfully
place_design: Time (s): cpu = 00:00:10 ; elapsed = 00:00:07 . Memory (MB): peak = 1699.395 ; gain = 0.000
INFO: [Vivado 12-24838] Running report commands "report_control_sets, report_io, report_utilization" in parallel.
Running report generation with 2 threads.
INFO: [Vivado 12-24828] Executing command : report_utilization -file fir_filter_utilization_placed.rpt -pb fir_filter_utilization_placed.pb
INFO: [Vivado 12-24828] Executing command : report_io -file fir_filter_io_placed.rpt
report_io: Time (s): cpu = 00:00:00 ; elapsed = 00:00:00.081 . Memory (MB): peak = 1699.395 ; gain = 0.000
INFO: [Vivado 12-24828] Executing command : report_control_sets -verbose -file fir_filter_control_sets_placed.rpt
report_control_sets: Time (s): cpu = 00:00:00 ; elapsed = 00:00:00.007 . Memory (MB): peak = 1699.395 ; gain = 0.000
Write ShapeDB Complete: Time (s): cpu = 00:00:00 ; elapsed = 00:00:00.003 . Memory (MB): peak = 1701.453 ; gain = 0.000
INFO: [Timing 38-480] Writing timing data to binary archive.
Wrote PlaceDB: Time (s): cpu = 00:00:01 ; elapsed = 00:00:00.279 . Memory (MB): peak = 1703.367 ; gain = 1.914
Wrote PulsedLatchDB: Time (s): cpu = 00:00:00 ; elapsed = 00:00:00 . Memory (MB): peak = 1703.367 ; gain = 0.000
Writing XDEF routing.
Writing XDEF routing logical nets.
Writing XDEF routing special nets.
Wrote RouteStorage: Time (s): cpu = 00:00:00 ; elapsed = 00:00:00.014 . Memory (MB): peak = 1703.367 ; gain = 0.000
Wrote Netlist Cache: Time (s): cpu = 00:00:00 ; elapsed = 00:00:00.006 . Memory (MB): peak = 1703.367 ; gain = 0.000
Wrote Device Cache: Time (s): cpu = 00:00:00 ; elapsed = 00:00:00.005 . Memory (MB): peak = 1703.367 ; gain = 0.000
Write Physdb Complete: Time (s): cpu = 00:00:01 ; elapsed = 00:00:00.308 . Memory (MB): peak = 1703.367 ; gain = 1.914
INFO: [Common 17-1381] The checkpoint 'C:/code/FIR-Filter-Design/FIR_Pipelined/FIR_Pipelined.runs/impl_1/fir_filter_placed.dcp' has been generated.
Command: phys_opt_design
Attempting to get a license for feature 'Implementation' and/or device 'xc7k70t'
INFO: [Common 17-349] Got license for feature 'Implementation' and/or device 'xc7k70t'

Starting Initial Update Timing Task

Time (s): cpu = 00:00:01 ; elapsed = 00:00:00.305 . Memory (MB): peak = 1715.957 ; gain = 12.590
INFO: [Vivado_Tcl 4-2279] Estimated Timing Summary | WNS= 22660.582 | TNS= 0.000 | 
INFO: [Vivado_Tcl 4-383] Design worst setup slack (WNS) is greater than or equal to 0.000 ns. All physical synthesis setup optimizations will be skipped.
INFO: [Vivado_Tcl 4-232] No setup violation found. The netlist was not modified.
INFO: [Common 17-83] Releasing license: Implementation
70 Infos, 1 Warnings, 0 Critical Warnings and 0 Errors encountered.
phys_opt_design completed successfully
Write ShapeDB Complete: Time (s): cpu = 00:00:00 ; elapsed = 00:00:00.003 . Memory (MB): peak = 1733.836 ; gain = 0.000
INFO: [Timing 38-480] Writing timing data to binary archive.
Wrote PlaceDB: Time (s): cpu = 00:00:00 ; elapsed = 00:00:00.270 . Memory (MB): peak = 1735.758 ; gain = 1.922
Wrote PulsedLatchDB: Time (s): cpu = 00:00:00 ; elapsed = 00:00:00 . Memory (MB): peak = 1735.758 ; gain = 0.000
Writing XDEF routing.
Writing XDEF routing logical nets.
Writing XDEF routing special nets.
Wrote RouteStorage: Time (s): cpu = 00:00:00 ; elapsed = 00:00:00.013 . Memory (MB): peak = 1735.758 ; gain = 0.000
Wrote Netlist Cache: Time (s): cpu = 00:00:00 ; elapsed = 00:00:00.006 . Memory (MB): peak = 1735.758 ; gain = 0.000
Wrote Device Cache: Time (s): cpu = 00:00:00 ; elapsed = 00:00:00.005 . Memory (MB): peak = 1735.758 ; gain = 0.000
Write Physdb Complete: Time (s): cpu = 00:00:00 ; elapsed = 00:00:00.299 . Memory (MB): peak = 1735.758 ; gain = 1.922
INFO: [Common 17-1381] The checkpoint 'C:/code/FIR-Filter-Design/FIR_Pipelined/FIR_Pipelined.runs/impl_1/fir_filter_physopt.dcp' has been generated.
Command: route_design
Attempting to get a license for feature 'Implementation' and/or device 'xc7k70t'
INFO: [Common 17-349] Got license for feature 'Implementation' and/or device 'xc7k70t'


Starting Routing Task
INFO: [Route 35-254] Multithreading enabled for route_design using a maximum of 2 CPUs

Phase 1 Build RT Design
Checksum: PlaceDB: 769a83af ConstDB: 0 ShapeSum: d117344c RouteDB: 5aeded75
Post Restoration Checksum: NetGraph: f204f552 | NumContArr: 32698fe0 | Constraints: c2a8fa9d | Timing: c2a8fa9d
Phase 1 Build RT Design | Checksum: 2a9c07a6c

Time (s): cpu = 00:00:10 ; elapsed = 00:00:09 . Memory (MB): peak = 1847.648 ; gain = 111.891

Phase 2 Router Initialization

Phase 2.1 Fix Topology Constraints
Phase 2.1 Fix Topology Constraints | Checksum: 2a9c07a6c

Time (s): cpu = 00:00:10 ; elapsed = 00:00:09 . Memory (MB): peak = 1847.648 ; gain = 111.891

Phase 2.2 Pre Route Cleanup
Phase 2.2 Pre Route Cleanup | Checksum: 2a9c07a6c

Time (s): cpu = 00:00:10 ; elapsed = 00:00:09 . Memory (MB): peak = 1847.648 ; gain = 111.891
 Number of Nodes with overlaps = 0

Phase 2.3 Update Timing
Phase 2.3 Update Timing | Checksum: 1b40a0e5e

Time (s): cpu = 00:00:12 ; elapsed = 00:00:10 . Memory (MB): peak = 1891.738 ; gain = 155.980
INFO: [Route 35-416] Intermediate Timing Summary | WNS=N/A    | TNS=N/A    | WHS=-0.134 | THS=-72.491|


Router Utilization Summary
  Global Vertical Routing Utilization    = 0 %
  Global Horizontal Routing Utilization  = 0 %
  Routable Net Status*
  *Does not include unroutable nets such as driverless and loadless.
  Run report_route_status for detailed report.
  Number of Failed Nets               = 8135
    (Failed Nets is the sum of unrouted and partially routed nets)
  Number of Unrouted Nets             = 8135
  Number of Partially Routed Nets     = 0
  Number of Node Overlaps             = 0

Phase 2 Router Initialization | Checksum: 278db1f2f

Time (s): cpu = 00:00:12 ; elapsed = 00:00:10 . Memory (MB): peak = 1891.738 ; gain = 155.980

Phase 3 Global Routing
Phase 3 Global Routing | Checksum: 278db1f2f

Time (s): cpu = 00:00:12 ; elapsed = 00:00:10 . Memory (MB): peak = 1891.738 ; gain = 155.980

Phase 4 Initial Routing

Phase 4.1 Initial Net Routing Pass
Phase 4.1 Initial Net Routing Pass | Checksum: 1a5f627f9

Time (s): cpu = 00:00:13 ; elapsed = 00:00:10 . Memory (MB): peak = 1891.738 ; gain = 155.980
Phase 4 Initial Routing | Checksum: 1a5f627f9

Time (s): cpu = 00:00:13 ; elapsed = 00:00:10 . Memory (MB): peak = 1891.738 ; gain = 155.980

Phase 5 Rip-up And Reroute

Phase 5.1 Global Iteration 0
 Number of Nodes with overlaps = 0
Phase 5.1 Global Iteration 0 | Checksum: 268dc4bb4

Time (s): cpu = 00:00:14 ; elapsed = 00:00:11 . Memory (MB): peak = 1891.738 ; gain = 155.980
Phase 5 Rip-up And Reroute | Checksum: 268dc4bb4

Time (s): cpu = 00:00:14 ; elapsed = 00:00:11 . Memory (MB): peak = 1891.738 ; gain = 155.980

Phase 6 Delay and Skew Optimization

Phase 6.1 Delay CleanUp
Phase 6.1 Delay CleanUp | Checksum: 268dc4bb4

Time (s): cpu = 00:00:14 ; elapsed = 00:00:11 . Memory (MB): peak = 1891.738 ; gain = 155.980

Phase 6.2 Clock Skew Optimization
Phase 6.2 Clock Skew Optimization | Checksum: 268dc4bb4

Time (s): cpu = 00:00:14 ; elapsed = 00:00:11 . Memory (MB): peak = 1891.738 ; gain = 155.980
Phase 6 Delay and Skew Optimization | Checksum: 268dc4bb4

Time (s): cpu = 00:00:14 ; elapsed = 00:00:11 . Memory (MB): peak = 1891.738 ; gain = 155.980

Phase 7 Post Hold Fix

Phase 7.1 Hold Fix Iter
INFO: [Route 35-416] Intermediate Timing Summary | WNS=N/A    | TNS=N/A    | WHS=-1.299 | THS=-17.541|

Phase 7.1 Hold Fix Iter | Checksum: 312ba1465

Time (s): cpu = 00:00:17 ; elapsed = 00:00:12 . Memory (MB): peak = 1895.203 ; gain = 159.445

Phase 7.2 Non Free Resource Hold Fix Iter
Phase 7.2 Non Free Resource Hold Fix Iter | Checksum: 31aa8ae4a

Time (s): cpu = 00:00:17 ; elapsed = 00:00:12 . Memory (MB): peak = 1895.203 ; gain = 159.445
Phase 7 Post Hold Fix | Checksum: 31aa8ae4a

Time (s): cpu = 00:00:17 ; elapsed = 00:00:12 . Memory (MB): peak = 1895.203 ; gain = 159.445

Phase 8 Route finalize

Router Utilization Summary
  Global Vertical Routing Utilization    = 1.02196 %
  Global Horizontal Routing Utilization  = 0.672088 %
  Routable Net Status*
  *Does not include unroutable nets such as driverless and loadless.
  Run report_route_status for detailed report.
  Number of Failed Nets               = 0
    (Failed Nets is the sum of unrouted and partially routed nets)
  Number of Unrouted Nets             = 0
  Number of Partially Routed Nets     = 0
  Number of Node Overlaps             = 0

Phase 8 Route finalize | Checksum: 31aa8ae4a

Time (s): cpu = 00:00:17 ; elapsed = 00:00:13 . Memory (MB): peak = 1895.203 ; gain = 159.445

Phase 9 Verifying routed nets

 Verification completed successfully
Phase 9 Verifying routed nets | Checksum: 31aa8ae4a

Time (s): cpu = 00:00:17 ; elapsed = 00:00:13 . Memory (MB): peak = 1895.203 ; gain = 159.445

Phase 10 Depositing Routes
Phase 10 Depositing Routes | Checksum: 31aa8ae4a

Time (s): cpu = 00:00:17 ; elapsed = 00:00:13 . Memory (MB): peak = 1895.203 ; gain = 159.445

Phase 11 Post Process Routing
Phase 11 Post Process Routing | Checksum: 31aa8ae4a

Time (s): cpu = 00:00:17 ; elapsed = 00:00:13 . Memory (MB): peak = 1895.203 ; gain = 159.445

Phase 12 Post Router Timing

Phase 12.1 Update Timing
Phase 12.1 Update Timing | Checksum: 31aa8ae4a

Time (s): cpu = 00:00:17 ; elapsed = 00:00:13 . Memory (MB): peak = 1895.203 ; gain = 159.445
INFO: [Route 35-57] Estimated Timing Summary | WNS=N/A    | TNS=N/A    | WHS=0.072  | THS=0.000  |

INFO: [Route 35-327] The final timing numbers are based on the router estimated timing analysis. For a complete and accurate timing signoff, please run report_timing_summary.
Phase 12 Post Router Timing | Checksum: 31aa8ae4a

Time (s): cpu = 00:00:17 ; elapsed = 00:00:13 . Memory (MB): peak = 1895.203 ; gain = 159.445
Total Elapsed time in route_design: 12.739 secs

Phase 13 Post-Route Event Processing
Phase 13 Post-Route Event Processing | Checksum: 22127fe87

Time (s): cpu = 00:00:17 ; elapsed = 00:00:13 . Memory (MB): peak = 1895.203 ; gain = 159.445
INFO: [Route 35-16] Router Completed Successfully
Ending Routing Task | Checksum: 22127fe87

Time (s): cpu = 00:00:17 ; elapsed = 00:00:13 . Memory (MB): peak = 1895.203 ; gain = 159.445

Routing Is Done.
INFO: [Common 17-83] Releasing license: Implementation
80 Infos, 1 Warnings, 0 Critical Warnings and 0 Errors encountered.
route_design completed successfully
route_design: Time (s): cpu = 00:00:17 ; elapsed = 00:00:13 . Memory (MB): peak = 1895.203 ; gain = 159.445
INFO: [Vivado 12-24828] Executing command : report_drc -file fir_filter_drc_routed.rpt -pb fir_filter_drc_routed.pb -rpx fir_filter_drc_routed.rpx
Command: report_drc -file fir_filter_drc_routed.rpt -pb fir_filter_drc_routed.pb -rpx fir_filter_drc_routed.rpx
INFO: [IP_Flow 19-1839] IP Catalog is up to date.
INFO: [DRC 23-27] Running DRC with 2 threads
INFO: [Vivado_Tcl 2-168] The results of DRC are in file C:/code/FIR-Filter-Design/FIR_Pipelined/FIR_Pipelined.runs/impl_1/fir_filter_drc_routed.rpt.
report_drc completed successfully
INFO: [Vivado 12-24828] Executing command : report_methodology -file fir_filter_methodology_drc_routed.rpt -pb fir_filter_methodology_drc_routed.pb -rpx fir_filter_methodology_drc_routed.rpx
Command: report_methodology -file fir_filter_methodology_drc_routed.rpt -pb fir_filter_methodology_drc_routed.pb -rpx fir_filter_methodology_drc_routed.rpx
INFO: [Timing 38-35] Done setting XDC timing constraints.
INFO: [DRC 23-133] Running Methodology with 2 threads
INFO: [Vivado_Tcl 2-1520] The results of Report Methodology are in file C:/code/FIR-Filter-Design/FIR_Pipelined/FIR_Pipelined.runs/impl_1/fir_filter_methodology_drc_routed.rpt.
report_methodology completed successfully
INFO: [Vivado 12-24828] Executing command : report_timing_summary -max_paths 10 -report_unconstrained -file fir_filter_timing_summary_routed.rpt -pb fir_filter_timing_summary_routed.pb -rpx fir_filter_timing_summary_routed.rpx -warn_on_violation 
INFO: [Timing 38-35] Done setting XDC timing constraints.
INFO: [Timing 38-91] UpdateTimingParams: Speed grade: -1, Delay Type: min_max.
INFO: [Timing 38-191] Multithreading enabled for timing update using a maximum of 2 CPUs
INFO: [Vivado 12-24838] Running report commands "report_incremental_reuse, report_route_status" in parallel.
Running report generation with 2 threads.
INFO: [Vivado 12-24828] Executing command : report_route_status -file fir_filter_route_status.rpt -pb fir_filter_route_status.pb
INFO: [Vivado 12-24828] Executing command : report_incremental_reuse -file fir_filter_incremental_reuse_routed.rpt
INFO: [Vivado_Tcl 4-1062] Incremental flow is disabled. No incremental reuse Info to report.
INFO: [Vivado 12-24828] Executing command : report_power -file fir_filter_power_routed.rpt -pb fir_filter_power_summary_routed.pb -rpx fir_filter_power_routed.rpx
Command: report_power -file fir_filter_power_routed.rpt -pb fir_filter_power_summary_routed.pb -rpx fir_filter_power_routed.rpx
Running Vector-less Activity Propagation...

Finished Running Vector-less Activity Propagation
97 Infos, 1 Warnings, 0 Critical Warnings and 0 Errors encountered.
report_power completed successfully
INFO: [Vivado 12-24828] Executing command : report_clock_utilization -file fir_filter_clock_utilization_routed.rpt
INFO: [Vivado 12-24828] Executing command : report_bus_skew -warn_on_violation -file fir_filter_bus_skew_routed.rpt -pb fir_filter_bus_skew_routed.pb -rpx fir_filter_bus_skew_routed.rpx
INFO: [Timing 38-91] UpdateTimingParams: Speed grade: -1, Delay Type: min_max.
INFO: [Timing 38-191] Multithreading enabled for timing update using a maximum of 2 CPUs
generate_parallel_reports: Time (s): cpu = 00:00:13 ; elapsed = 00:00:08 . Memory (MB): peak = 1953.520 ; gain = 58.316
Write ShapeDB Complete: Time (s): cpu = 00:00:00 ; elapsed = 00:00:00.004 . Memory (MB): peak = 1971.430 ; gain = 0.023
INFO: [Timing 38-480] Writing timing data to binary archive.
Wrote PlaceDB: Time (s): cpu = 00:00:00 ; elapsed = 00:00:00.275 . Memory (MB): peak = 1974.559 ; gain = 3.129
Wrote PulsedLatchDB: Time (s): cpu = 00:00:00 ; elapsed = 00:00:00 . Memory (MB): peak = 1974.559 ; gain = 0.000
Writing XDEF routing.
Writing XDEF routing logical nets.
Writing XDEF routing special nets.
Wrote RouteStorage: Time (s): cpu = 00:00:00 ; elapsed = 00:00:00.053 . Memory (MB): peak = 1974.559 ; gain = 0.000
Wrote Netlist Cache: Time (s): cpu = 00:00:00 ; elapsed = 00:00:00.006 . Memory (MB): peak = 1974.559 ; gain = 0.000
Wrote Device Cache: Time (s): cpu = 00:00:00 ; elapsed = 00:00:00.004 . Memory (MB): peak = 1974.559 ; gain = 0.000
Write Physdb Complete: Time (s): cpu = 00:00:00 ; elapsed = 00:00:00.346 . Memory (MB): peak = 1974.559 ; gain = 3.129
INFO: [Common 17-1381] The checkpoint 'C:/code/FIR-Filter-Design/FIR_Pipelined/FIR_Pipelined.runs/impl_1/fir_filter_routed.dcp' has been generated.
INFO: [Common 17-206] Exiting Vivado at Tue Mar 18 19:25:09 2025...
