
*** Running vivado
    with args -log l2_wrapper.vds -m64 -product Vivado -mode batch -messageDb vivado.pb -notrace -source l2_wrapper.tcl



****** Vivado v2024.2 (64-bit)
  **** SW Build 5239630 on Fri Nov 08 22:35:27 MST 2024
  **** IP Build 5239520 on Sun Nov 10 16:12:51 MST 2024
  **** SharedData Build 5239561 on Fri Nov 08 14:39:27 MST 2024
  **** Start of session at: Tue Mar 18 23:43:33 2025
    ** Copyright 1986-2022 Xilinx, Inc. All Rights Reserved.
    ** Copyright 2022-2024 Advanced Micro Devices, Inc. All Rights Reserved.

source l2_wrapper.tcl -notrace
Command: read_checkpoint -auto_incremental -incremental C:/code/FIR-Filter-Design/FIR_L2/FIR_L2.srcs/utils_1/imports/synth_1/Pipelined_FIR.dcp
INFO: [Vivado 12-5825] Read reference checkpoint from C:/code/FIR-Filter-Design/FIR_L2/FIR_L2.srcs/utils_1/imports/synth_1/Pipelined_FIR.dcp for incremental synthesis
INFO: [Vivado 12-7989] Please ensure there are no constraint changes
Command: synth_design -top l2_wrapper -part xc7k70tfbv676-1
Starting synth_design
Attempting to get a license for feature 'Synthesis' and/or device 'xc7k70t'
INFO: [Common 17-349] Got license for feature 'Synthesis' and/or device 'xc7k70t'
INFO: [Device 21-403] Loading part xc7k70tfbv676-1
INFO: [Synth 8-7079] Multithreading enabled for synth_design using a maximum of 2 processes.
INFO: [Synth 8-7078] Launching helper process for spawning children vivado processes
INFO: [Synth 8-7075] Helper process launched with PID 71584
---------------------------------------------------------------------------------
Starting RTL Elaboration : Time (s): cpu = 00:00:06 ; elapsed = 00:00:07 . Memory (MB): peak = 1021.824 ; gain = 466.875
---------------------------------------------------------------------------------
INFO: [Synth 8-6157] synthesizing module 'l2_wrapper' [C:/code/FIR-Filter-Design/FIR_L2/FIR_L2.srcs/sources_1/new/l2_wrapper.sv:3]
INFO: [Synth 8-6157] synthesizing module 'fir_filter' [C:/code/FIR-Filter-Design/FIR_L2/FIR_L2.srcs/sources_1/new/fir_filter.sv:3]
	Parameter N bound to: 32'sb00000000000000000000000000110011 
	Parameter IO_WIDTH bound to: 32'sb00000000000000000000000000010000 
	Parameter COEFF_WIDTH bound to: 32'sb00000000000000000000000000011000 
	Parameter COEFF_FILE bound to: l2_coeffs_h0.mem - type: string 
INFO: [Synth 8-3876] $readmem data file 'l2_coeffs_h0.mem' is read successfully [C:/code/FIR-Filter-Design/FIR_L2/FIR_L2.srcs/sources_1/new/fir_filter.sv:25]
INFO: [Synth 8-6155] done synthesizing module 'fir_filter' (0#1) [C:/code/FIR-Filter-Design/FIR_L2/FIR_L2.srcs/sources_1/new/fir_filter.sv:3]
INFO: [Synth 8-6157] synthesizing module 'fir_filter__parameterized0' [C:/code/FIR-Filter-Design/FIR_L2/FIR_L2.srcs/sources_1/new/fir_filter.sv:3]
	Parameter N bound to: 32'sb00000000000000000000000000110011 
	Parameter IO_WIDTH bound to: 32'sb00000000000000000000000000010000 
	Parameter COEFF_WIDTH bound to: 32'sb00000000000000000000000000011000 
	Parameter COEFF_FILE bound to: l2_coeffs_h1.mem - type: string 
INFO: [Synth 8-3876] $readmem data file 'l2_coeffs_h1.mem' is read successfully [C:/code/FIR-Filter-Design/FIR_L2/FIR_L2.srcs/sources_1/new/fir_filter.sv:25]
INFO: [Synth 8-6155] done synthesizing module 'fir_filter__parameterized0' (0#1) [C:/code/FIR-Filter-Design/FIR_L2/FIR_L2.srcs/sources_1/new/fir_filter.sv:3]
INFO: [Synth 8-6157] synthesizing module 'fir_filter__parameterized1' [C:/code/FIR-Filter-Design/FIR_L2/FIR_L2.srcs/sources_1/new/fir_filter.sv:3]
	Parameter N bound to: 32'sb00000000000000000000000000110011 
	Parameter IO_WIDTH bound to: 32'sb00000000000000000000000000010000 
	Parameter COEFF_WIDTH bound to: 32'sb00000000000000000000000000011000 
	Parameter COEFF_FILE bound to: l2_coeffs_h0h1.mem - type: string 
INFO: [Synth 8-3876] $readmem data file 'l2_coeffs_h0h1.mem' is read successfully [C:/code/FIR-Filter-Design/FIR_L2/FIR_L2.srcs/sources_1/new/fir_filter.sv:25]
INFO: [Synth 8-6155] done synthesizing module 'fir_filter__parameterized1' (0#1) [C:/code/FIR-Filter-Design/FIR_L2/FIR_L2.srcs/sources_1/new/fir_filter.sv:3]
INFO: [Synth 8-6155] done synthesizing module 'l2_wrapper' (0#1) [C:/code/FIR-Filter-Design/FIR_L2/FIR_L2.srcs/sources_1/new/l2_wrapper.sv:3]
WARNING: [Synth 8-6014] Unused sequential element delay_line_reg[50] was removed.  [C:/code/FIR-Filter-Design/FIR_L2/FIR_L2.srcs/sources_1/new/fir_filter.sv:31]
WARNING: [Synth 8-6014] Unused sequential element delay_line_reg[49] was removed.  [C:/code/FIR-Filter-Design/FIR_L2/FIR_L2.srcs/sources_1/new/fir_filter.sv:31]
WARNING: [Synth 8-6014] Unused sequential element delay_line_reg[48] was removed.  [C:/code/FIR-Filter-Design/FIR_L2/FIR_L2.srcs/sources_1/new/fir_filter.sv:31]
WARNING: [Synth 8-6014] Unused sequential element delay_line_reg[47] was removed.  [C:/code/FIR-Filter-Design/FIR_L2/FIR_L2.srcs/sources_1/new/fir_filter.sv:31]
WARNING: [Synth 8-6014] Unused sequential element delay_line_reg[46] was removed.  [C:/code/FIR-Filter-Design/FIR_L2/FIR_L2.srcs/sources_1/new/fir_filter.sv:31]
WARNING: [Synth 8-6014] Unused sequential element delay_line_reg[45] was removed.  [C:/code/FIR-Filter-Design/FIR_L2/FIR_L2.srcs/sources_1/new/fir_filter.sv:31]
WARNING: [Synth 8-6014] Unused sequential element delay_line_reg[44] was removed.  [C:/code/FIR-Filter-Design/FIR_L2/FIR_L2.srcs/sources_1/new/fir_filter.sv:31]
WARNING: [Synth 8-6014] Unused sequential element delay_line_reg[43] was removed.  [C:/code/FIR-Filter-Design/FIR_L2/FIR_L2.srcs/sources_1/new/fir_filter.sv:31]
WARNING: [Synth 8-6014] Unused sequential element delay_line_reg[42] was removed.  [C:/code/FIR-Filter-Design/FIR_L2/FIR_L2.srcs/sources_1/new/fir_filter.sv:31]
WARNING: [Synth 8-6014] Unused sequential element delay_line_reg[41] was removed.  [C:/code/FIR-Filter-Design/FIR_L2/FIR_L2.srcs/sources_1/new/fir_filter.sv:31]
WARNING: [Synth 8-6014] Unused sequential element delay_line_reg[40] was removed.  [C:/code/FIR-Filter-Design/FIR_L2/FIR_L2.srcs/sources_1/new/fir_filter.sv:31]
WARNING: [Synth 8-6014] Unused sequential element delay_line_reg[39] was removed.  [C:/code/FIR-Filter-Design/FIR_L2/FIR_L2.srcs/sources_1/new/fir_filter.sv:31]
WARNING: [Synth 8-6014] Unused sequential element delay_line_reg[38] was removed.  [C:/code/FIR-Filter-Design/FIR_L2/FIR_L2.srcs/sources_1/new/fir_filter.sv:31]
WARNING: [Synth 8-6014] Unused sequential element delay_line_reg[37] was removed.  [C:/code/FIR-Filter-Design/FIR_L2/FIR_L2.srcs/sources_1/new/fir_filter.sv:31]
WARNING: [Synth 8-6014] Unused sequential element delay_line_reg[36] was removed.  [C:/code/FIR-Filter-Design/FIR_L2/FIR_L2.srcs/sources_1/new/fir_filter.sv:31]
WARNING: [Synth 8-6014] Unused sequential element delay_line_reg[35] was removed.  [C:/code/FIR-Filter-Design/FIR_L2/FIR_L2.srcs/sources_1/new/fir_filter.sv:31]
WARNING: [Synth 8-6014] Unused sequential element delay_line_reg[34] was removed.  [C:/code/FIR-Filter-Design/FIR_L2/FIR_L2.srcs/sources_1/new/fir_filter.sv:31]
WARNING: [Synth 8-6014] Unused sequential element delay_line_reg[33] was removed.  [C:/code/FIR-Filter-Design/FIR_L2/FIR_L2.srcs/sources_1/new/fir_filter.sv:31]
WARNING: [Synth 8-6014] Unused sequential element delay_line_reg[32] was removed.  [C:/code/FIR-Filter-Design/FIR_L2/FIR_L2.srcs/sources_1/new/fir_filter.sv:31]
WARNING: [Synth 8-6014] Unused sequential element delay_line_reg[31] was removed.  [C:/code/FIR-Filter-Design/FIR_L2/FIR_L2.srcs/sources_1/new/fir_filter.sv:31]
WARNING: [Synth 8-6014] Unused sequential element delay_line_reg[30] was removed.  [C:/code/FIR-Filter-Design/FIR_L2/FIR_L2.srcs/sources_1/new/fir_filter.sv:31]
WARNING: [Synth 8-6014] Unused sequential element delay_line_reg[29] was removed.  [C:/code/FIR-Filter-Design/FIR_L2/FIR_L2.srcs/sources_1/new/fir_filter.sv:31]
WARNING: [Synth 8-6014] Unused sequential element delay_line_reg[28] was removed.  [C:/code/FIR-Filter-Design/FIR_L2/FIR_L2.srcs/sources_1/new/fir_filter.sv:31]
WARNING: [Synth 8-6014] Unused sequential element delay_line_reg[27] was removed.  [C:/code/FIR-Filter-Design/FIR_L2/FIR_L2.srcs/sources_1/new/fir_filter.sv:31]
WARNING: [Synth 8-6014] Unused sequential element delay_line_reg[26] was removed.  [C:/code/FIR-Filter-Design/FIR_L2/FIR_L2.srcs/sources_1/new/fir_filter.sv:31]
WARNING: [Synth 8-6014] Unused sequential element delay_line_reg[25] was removed.  [C:/code/FIR-Filter-Design/FIR_L2/FIR_L2.srcs/sources_1/new/fir_filter.sv:31]
WARNING: [Synth 8-6014] Unused sequential element delay_line_reg[24] was removed.  [C:/code/FIR-Filter-Design/FIR_L2/FIR_L2.srcs/sources_1/new/fir_filter.sv:31]
WARNING: [Synth 8-6014] Unused sequential element delay_line_reg[23] was removed.  [C:/code/FIR-Filter-Design/FIR_L2/FIR_L2.srcs/sources_1/new/fir_filter.sv:31]
WARNING: [Synth 8-6014] Unused sequential element delay_line_reg[22] was removed.  [C:/code/FIR-Filter-Design/FIR_L2/FIR_L2.srcs/sources_1/new/fir_filter.sv:31]
WARNING: [Synth 8-6014] Unused sequential element delay_line_reg[21] was removed.  [C:/code/FIR-Filter-Design/FIR_L2/FIR_L2.srcs/sources_1/new/fir_filter.sv:31]
WARNING: [Synth 8-6014] Unused sequential element delay_line_reg[20] was removed.  [C:/code/FIR-Filter-Design/FIR_L2/FIR_L2.srcs/sources_1/new/fir_filter.sv:31]
WARNING: [Synth 8-6014] Unused sequential element delay_line_reg[19] was removed.  [C:/code/FIR-Filter-Design/FIR_L2/FIR_L2.srcs/sources_1/new/fir_filter.sv:31]
WARNING: [Synth 8-6014] Unused sequential element delay_line_reg[18] was removed.  [C:/code/FIR-Filter-Design/FIR_L2/FIR_L2.srcs/sources_1/new/fir_filter.sv:31]
WARNING: [Synth 8-6014] Unused sequential element delay_line_reg[17] was removed.  [C:/code/FIR-Filter-Design/FIR_L2/FIR_L2.srcs/sources_1/new/fir_filter.sv:31]
WARNING: [Synth 8-6014] Unused sequential element delay_line_reg[16] was removed.  [C:/code/FIR-Filter-Design/FIR_L2/FIR_L2.srcs/sources_1/new/fir_filter.sv:31]
WARNING: [Synth 8-6014] Unused sequential element delay_line_reg[15] was removed.  [C:/code/FIR-Filter-Design/FIR_L2/FIR_L2.srcs/sources_1/new/fir_filter.sv:31]
WARNING: [Synth 8-6014] Unused sequential element delay_line_reg[14] was removed.  [C:/code/FIR-Filter-Design/FIR_L2/FIR_L2.srcs/sources_1/new/fir_filter.sv:31]
WARNING: [Synth 8-6014] Unused sequential element delay_line_reg[13] was removed.  [C:/code/FIR-Filter-Design/FIR_L2/FIR_L2.srcs/sources_1/new/fir_filter.sv:31]
WARNING: [Synth 8-6014] Unused sequential element delay_line_reg[12] was removed.  [C:/code/FIR-Filter-Design/FIR_L2/FIR_L2.srcs/sources_1/new/fir_filter.sv:31]
WARNING: [Synth 8-6014] Unused sequential element delay_line_reg[11] was removed.  [C:/code/FIR-Filter-Design/FIR_L2/FIR_L2.srcs/sources_1/new/fir_filter.sv:31]
WARNING: [Synth 8-6014] Unused sequential element delay_line_reg[10] was removed.  [C:/code/FIR-Filter-Design/FIR_L2/FIR_L2.srcs/sources_1/new/fir_filter.sv:31]
WARNING: [Synth 8-6014] Unused sequential element delay_line_reg[9] was removed.  [C:/code/FIR-Filter-Design/FIR_L2/FIR_L2.srcs/sources_1/new/fir_filter.sv:31]
WARNING: [Synth 8-6014] Unused sequential element delay_line_reg[8] was removed.  [C:/code/FIR-Filter-Design/FIR_L2/FIR_L2.srcs/sources_1/new/fir_filter.sv:31]
WARNING: [Synth 8-6014] Unused sequential element delay_line_reg[7] was removed.  [C:/code/FIR-Filter-Design/FIR_L2/FIR_L2.srcs/sources_1/new/fir_filter.sv:31]
WARNING: [Synth 8-6014] Unused sequential element delay_line_reg[6] was removed.  [C:/code/FIR-Filter-Design/FIR_L2/FIR_L2.srcs/sources_1/new/fir_filter.sv:31]
WARNING: [Synth 8-6014] Unused sequential element delay_line_reg[5] was removed.  [C:/code/FIR-Filter-Design/FIR_L2/FIR_L2.srcs/sources_1/new/fir_filter.sv:31]
WARNING: [Synth 8-6014] Unused sequential element delay_line_reg[4] was removed.  [C:/code/FIR-Filter-Design/FIR_L2/FIR_L2.srcs/sources_1/new/fir_filter.sv:31]
WARNING: [Synth 8-6014] Unused sequential element delay_line_reg[3] was removed.  [C:/code/FIR-Filter-Design/FIR_L2/FIR_L2.srcs/sources_1/new/fir_filter.sv:31]
WARNING: [Synth 8-6014] Unused sequential element delay_line_reg[2] was removed.  [C:/code/FIR-Filter-Design/FIR_L2/FIR_L2.srcs/sources_1/new/fir_filter.sv:31]
WARNING: [Synth 8-6014] Unused sequential element delay_line_reg[1] was removed.  [C:/code/FIR-Filter-Design/FIR_L2/FIR_L2.srcs/sources_1/new/fir_filter.sv:31]
WARNING: [Synth 8-6014] Unused sequential element delay_line_reg[0] was removed.  [C:/code/FIR-Filter-Design/FIR_L2/FIR_L2.srcs/sources_1/new/fir_filter.sv:31]
WARNING: [Synth 8-6014] Unused sequential element delay_line_reg[50] was removed.  [C:/code/FIR-Filter-Design/FIR_L2/FIR_L2.srcs/sources_1/new/fir_filter.sv:31]
WARNING: [Synth 8-6014] Unused sequential element delay_line_reg[49] was removed.  [C:/code/FIR-Filter-Design/FIR_L2/FIR_L2.srcs/sources_1/new/fir_filter.sv:31]
WARNING: [Synth 8-6014] Unused sequential element delay_line_reg[48] was removed.  [C:/code/FIR-Filter-Design/FIR_L2/FIR_L2.srcs/sources_1/new/fir_filter.sv:31]
WARNING: [Synth 8-6014] Unused sequential element delay_line_reg[47] was removed.  [C:/code/FIR-Filter-Design/FIR_L2/FIR_L2.srcs/sources_1/new/fir_filter.sv:31]
WARNING: [Synth 8-6014] Unused sequential element delay_line_reg[46] was removed.  [C:/code/FIR-Filter-Design/FIR_L2/FIR_L2.srcs/sources_1/new/fir_filter.sv:31]
WARNING: [Synth 8-6014] Unused sequential element delay_line_reg[45] was removed.  [C:/code/FIR-Filter-Design/FIR_L2/FIR_L2.srcs/sources_1/new/fir_filter.sv:31]
WARNING: [Synth 8-6014] Unused sequential element delay_line_reg[44] was removed.  [C:/code/FIR-Filter-Design/FIR_L2/FIR_L2.srcs/sources_1/new/fir_filter.sv:31]
WARNING: [Synth 8-6014] Unused sequential element delay_line_reg[43] was removed.  [C:/code/FIR-Filter-Design/FIR_L2/FIR_L2.srcs/sources_1/new/fir_filter.sv:31]
WARNING: [Synth 8-6014] Unused sequential element delay_line_reg[42] was removed.  [C:/code/FIR-Filter-Design/FIR_L2/FIR_L2.srcs/sources_1/new/fir_filter.sv:31]
WARNING: [Synth 8-6014] Unused sequential element delay_line_reg[41] was removed.  [C:/code/FIR-Filter-Design/FIR_L2/FIR_L2.srcs/sources_1/new/fir_filter.sv:31]
WARNING: [Synth 8-6014] Unused sequential element delay_line_reg[40] was removed.  [C:/code/FIR-Filter-Design/FIR_L2/FIR_L2.srcs/sources_1/new/fir_filter.sv:31]
WARNING: [Synth 8-6014] Unused sequential element delay_line_reg[39] was removed.  [C:/code/FIR-Filter-Design/FIR_L2/FIR_L2.srcs/sources_1/new/fir_filter.sv:31]
WARNING: [Synth 8-6014] Unused sequential element delay_line_reg[38] was removed.  [C:/code/FIR-Filter-Design/FIR_L2/FIR_L2.srcs/sources_1/new/fir_filter.sv:31]
WARNING: [Synth 8-6014] Unused sequential element delay_line_reg[37] was removed.  [C:/code/FIR-Filter-Design/FIR_L2/FIR_L2.srcs/sources_1/new/fir_filter.sv:31]
WARNING: [Synth 8-6014] Unused sequential element delay_line_reg[36] was removed.  [C:/code/FIR-Filter-Design/FIR_L2/FIR_L2.srcs/sources_1/new/fir_filter.sv:31]
WARNING: [Synth 8-6014] Unused sequential element delay_line_reg[35] was removed.  [C:/code/FIR-Filter-Design/FIR_L2/FIR_L2.srcs/sources_1/new/fir_filter.sv:31]
WARNING: [Synth 8-6014] Unused sequential element delay_line_reg[34] was removed.  [C:/code/FIR-Filter-Design/FIR_L2/FIR_L2.srcs/sources_1/new/fir_filter.sv:31]
WARNING: [Synth 8-6014] Unused sequential element delay_line_reg[33] was removed.  [C:/code/FIR-Filter-Design/FIR_L2/FIR_L2.srcs/sources_1/new/fir_filter.sv:31]
WARNING: [Synth 8-6014] Unused sequential element delay_line_reg[32] was removed.  [C:/code/FIR-Filter-Design/FIR_L2/FIR_L2.srcs/sources_1/new/fir_filter.sv:31]
WARNING: [Synth 8-6014] Unused sequential element delay_line_reg[31] was removed.  [C:/code/FIR-Filter-Design/FIR_L2/FIR_L2.srcs/sources_1/new/fir_filter.sv:31]
WARNING: [Synth 8-6014] Unused sequential element delay_line_reg[30] was removed.  [C:/code/FIR-Filter-Design/FIR_L2/FIR_L2.srcs/sources_1/new/fir_filter.sv:31]
WARNING: [Synth 8-6014] Unused sequential element delay_line_reg[29] was removed.  [C:/code/FIR-Filter-Design/FIR_L2/FIR_L2.srcs/sources_1/new/fir_filter.sv:31]
WARNING: [Synth 8-6014] Unused sequential element delay_line_reg[28] was removed.  [C:/code/FIR-Filter-Design/FIR_L2/FIR_L2.srcs/sources_1/new/fir_filter.sv:31]
WARNING: [Synth 8-6014] Unused sequential element delay_line_reg[27] was removed.  [C:/code/FIR-Filter-Design/FIR_L2/FIR_L2.srcs/sources_1/new/fir_filter.sv:31]
WARNING: [Synth 8-6014] Unused sequential element delay_line_reg[26] was removed.  [C:/code/FIR-Filter-Design/FIR_L2/FIR_L2.srcs/sources_1/new/fir_filter.sv:31]
WARNING: [Synth 8-6014] Unused sequential element delay_line_reg[25] was removed.  [C:/code/FIR-Filter-Design/FIR_L2/FIR_L2.srcs/sources_1/new/fir_filter.sv:31]
WARNING: [Synth 8-6014] Unused sequential element delay_line_reg[24] was removed.  [C:/code/FIR-Filter-Design/FIR_L2/FIR_L2.srcs/sources_1/new/fir_filter.sv:31]
WARNING: [Synth 8-6014] Unused sequential element delay_line_reg[23] was removed.  [C:/code/FIR-Filter-Design/FIR_L2/FIR_L2.srcs/sources_1/new/fir_filter.sv:31]
WARNING: [Synth 8-6014] Unused sequential element delay_line_reg[22] was removed.  [C:/code/FIR-Filter-Design/FIR_L2/FIR_L2.srcs/sources_1/new/fir_filter.sv:31]
WARNING: [Synth 8-6014] Unused sequential element delay_line_reg[21] was removed.  [C:/code/FIR-Filter-Design/FIR_L2/FIR_L2.srcs/sources_1/new/fir_filter.sv:31]
WARNING: [Synth 8-6014] Unused sequential element delay_line_reg[20] was removed.  [C:/code/FIR-Filter-Design/FIR_L2/FIR_L2.srcs/sources_1/new/fir_filter.sv:31]
WARNING: [Synth 8-6014] Unused sequential element delay_line_reg[19] was removed.  [C:/code/FIR-Filter-Design/FIR_L2/FIR_L2.srcs/sources_1/new/fir_filter.sv:31]
WARNING: [Synth 8-6014] Unused sequential element delay_line_reg[18] was removed.  [C:/code/FIR-Filter-Design/FIR_L2/FIR_L2.srcs/sources_1/new/fir_filter.sv:31]
WARNING: [Synth 8-6014] Unused sequential element delay_line_reg[17] was removed.  [C:/code/FIR-Filter-Design/FIR_L2/FIR_L2.srcs/sources_1/new/fir_filter.sv:31]
WARNING: [Synth 8-6014] Unused sequential element delay_line_reg[16] was removed.  [C:/code/FIR-Filter-Design/FIR_L2/FIR_L2.srcs/sources_1/new/fir_filter.sv:31]
WARNING: [Synth 8-6014] Unused sequential element delay_line_reg[15] was removed.  [C:/code/FIR-Filter-Design/FIR_L2/FIR_L2.srcs/sources_1/new/fir_filter.sv:31]
WARNING: [Synth 8-6014] Unused sequential element delay_line_reg[14] was removed.  [C:/code/FIR-Filter-Design/FIR_L2/FIR_L2.srcs/sources_1/new/fir_filter.sv:31]
WARNING: [Synth 8-6014] Unused sequential element delay_line_reg[13] was removed.  [C:/code/FIR-Filter-Design/FIR_L2/FIR_L2.srcs/sources_1/new/fir_filter.sv:31]
WARNING: [Synth 8-6014] Unused sequential element delay_line_reg[12] was removed.  [C:/code/FIR-Filter-Design/FIR_L2/FIR_L2.srcs/sources_1/new/fir_filter.sv:31]
WARNING: [Synth 8-6014] Unused sequential element delay_line_reg[11] was removed.  [C:/code/FIR-Filter-Design/FIR_L2/FIR_L2.srcs/sources_1/new/fir_filter.sv:31]
WARNING: [Synth 8-6014] Unused sequential element delay_line_reg[10] was removed.  [C:/code/FIR-Filter-Design/FIR_L2/FIR_L2.srcs/sources_1/new/fir_filter.sv:31]
WARNING: [Synth 8-6014] Unused sequential element delay_line_reg[9] was removed.  [C:/code/FIR-Filter-Design/FIR_L2/FIR_L2.srcs/sources_1/new/fir_filter.sv:31]
WARNING: [Synth 8-6014] Unused sequential element delay_line_reg[8] was removed.  [C:/code/FIR-Filter-Design/FIR_L2/FIR_L2.srcs/sources_1/new/fir_filter.sv:31]
WARNING: [Synth 8-6014] Unused sequential element delay_line_reg[7] was removed.  [C:/code/FIR-Filter-Design/FIR_L2/FIR_L2.srcs/sources_1/new/fir_filter.sv:31]
WARNING: [Synth 8-6014] Unused sequential element delay_line_reg[6] was removed.  [C:/code/FIR-Filter-Design/FIR_L2/FIR_L2.srcs/sources_1/new/fir_filter.sv:31]
WARNING: [Synth 8-6014] Unused sequential element delay_line_reg[5] was removed.  [C:/code/FIR-Filter-Design/FIR_L2/FIR_L2.srcs/sources_1/new/fir_filter.sv:31]
WARNING: [Synth 8-6014] Unused sequential element delay_line_reg[4] was removed.  [C:/code/FIR-Filter-Design/FIR_L2/FIR_L2.srcs/sources_1/new/fir_filter.sv:31]
WARNING: [Synth 8-6014] Unused sequential element delay_line_reg[3] was removed.  [C:/code/FIR-Filter-Design/FIR_L2/FIR_L2.srcs/sources_1/new/fir_filter.sv:31]
WARNING: [Synth 8-6014] Unused sequential element delay_line_reg[2] was removed.  [C:/code/FIR-Filter-Design/FIR_L2/FIR_L2.srcs/sources_1/new/fir_filter.sv:31]
INFO: [Common 17-14] Message 'Synth 8-6014' appears 100 times and further instances of the messages will be disabled. Use the Tcl command set_msg_config to change the current settings.
WARNING: [Synth 8-3917] design l2_wrapper has port y_out_1[39] driven by constant 0
WARNING: [Synth 8-3917] design l2_wrapper has port y_out_1[38] driven by constant 0
WARNING: [Synth 8-3917] design l2_wrapper has port y_out_1[37] driven by constant 0
WARNING: [Synth 8-3917] design l2_wrapper has port y_out_1[36] driven by constant 0
WARNING: [Synth 8-3917] design l2_wrapper has port y_out_1[35] driven by constant 0
WARNING: [Synth 8-3917] design l2_wrapper has port y_out_1[34] driven by constant 0
WARNING: [Synth 8-3917] design l2_wrapper has port y_out_1[33] driven by constant 0
WARNING: [Synth 8-3917] design l2_wrapper has port y_out_1[32] driven by constant 0
WARNING: [Synth 8-3917] design l2_wrapper has port y_out_1[31] driven by constant 0
WARNING: [Synth 8-3917] design l2_wrapper has port y_out_1[30] driven by constant 0
WARNING: [Synth 8-3917] design l2_wrapper has port y_out_1[29] driven by constant 0
WARNING: [Synth 8-3917] design l2_wrapper has port y_out_1[28] driven by constant 0
WARNING: [Synth 8-3917] design l2_wrapper has port y_out_1[27] driven by constant 0
WARNING: [Synth 8-3917] design l2_wrapper has port y_out_1[26] driven by constant 0
WARNING: [Synth 8-3917] design l2_wrapper has port y_out_1[25] driven by constant 0
WARNING: [Synth 8-3917] design l2_wrapper has port y_out_1[24] driven by constant 0
WARNING: [Synth 8-3917] design l2_wrapper has port y_out_1[23] driven by constant 0
WARNING: [Synth 8-3917] design l2_wrapper has port y_out_1[22] driven by constant 0
WARNING: [Synth 8-3917] design l2_wrapper has port y_out_1[21] driven by constant 0
WARNING: [Synth 8-3917] design l2_wrapper has port y_out_1[20] driven by constant 0
WARNING: [Synth 8-3917] design l2_wrapper has port y_out_1[19] driven by constant 0
WARNING: [Synth 8-3917] design l2_wrapper has port y_out_1[18] driven by constant 0
WARNING: [Synth 8-3917] design l2_wrapper has port y_out_1[17] driven by constant 0
WARNING: [Synth 8-7129] Port x_in[15] in module fir_filter__parameterized1 is either unconnected or has no load
WARNING: [Synth 8-7129] Port x_in[14] in module fir_filter__parameterized1 is either unconnected or has no load
WARNING: [Synth 8-7129] Port x_in[13] in module fir_filter__parameterized1 is either unconnected or has no load
WARNING: [Synth 8-7129] Port x_in[12] in module fir_filter__parameterized1 is either unconnected or has no load
WARNING: [Synth 8-7129] Port x_in[11] in module fir_filter__parameterized1 is either unconnected or has no load
WARNING: [Synth 8-7129] Port x_in[10] in module fir_filter__parameterized1 is either unconnected or has no load
WARNING: [Synth 8-7129] Port x_in[9] in module fir_filter__parameterized1 is either unconnected or has no load
WARNING: [Synth 8-7129] Port x_in[8] in module fir_filter__parameterized1 is either unconnected or has no load
WARNING: [Synth 8-7129] Port x_in[7] in module fir_filter__parameterized1 is either unconnected or has no load
WARNING: [Synth 8-7129] Port x_in[6] in module fir_filter__parameterized1 is either unconnected or has no load
WARNING: [Synth 8-7129] Port x_in[5] in module fir_filter__parameterized1 is either unconnected or has no load
WARNING: [Synth 8-7129] Port x_in[4] in module fir_filter__parameterized1 is either unconnected or has no load
WARNING: [Synth 8-7129] Port x_in[3] in module fir_filter__parameterized1 is either unconnected or has no load
WARNING: [Synth 8-7129] Port x_in[2] in module fir_filter__parameterized1 is either unconnected or has no load
WARNING: [Synth 8-7129] Port x_in[1] in module fir_filter__parameterized1 is either unconnected or has no load
WARNING: [Synth 8-7129] Port x_in[0] in module fir_filter__parameterized1 is either unconnected or has no load
WARNING: [Synth 8-7129] Port x_in[15] in module fir_filter__parameterized0 is either unconnected or has no load
WARNING: [Synth 8-7129] Port x_in[14] in module fir_filter__parameterized0 is either unconnected or has no load
WARNING: [Synth 8-7129] Port x_in[13] in module fir_filter__parameterized0 is either unconnected or has no load
WARNING: [Synth 8-7129] Port x_in[12] in module fir_filter__parameterized0 is either unconnected or has no load
WARNING: [Synth 8-7129] Port x_in[11] in module fir_filter__parameterized0 is either unconnected or has no load
WARNING: [Synth 8-7129] Port x_in[10] in module fir_filter__parameterized0 is either unconnected or has no load
WARNING: [Synth 8-7129] Port x_in[9] in module fir_filter__parameterized0 is either unconnected or has no load
WARNING: [Synth 8-7129] Port x_in[8] in module fir_filter__parameterized0 is either unconnected or has no load
WARNING: [Synth 8-7129] Port x_in[7] in module fir_filter__parameterized0 is either unconnected or has no load
WARNING: [Synth 8-7129] Port x_in[6] in module fir_filter__parameterized0 is either unconnected or has no load
WARNING: [Synth 8-7129] Port x_in[5] in module fir_filter__parameterized0 is either unconnected or has no load
WARNING: [Synth 8-7129] Port x_in[4] in module fir_filter__parameterized0 is either unconnected or has no load
WARNING: [Synth 8-7129] Port x_in[3] in module fir_filter__parameterized0 is either unconnected or has no load
WARNING: [Synth 8-7129] Port x_in[2] in module fir_filter__parameterized0 is either unconnected or has no load
WARNING: [Synth 8-7129] Port x_in[1] in module fir_filter__parameterized0 is either unconnected or has no load
WARNING: [Synth 8-7129] Port x_in[0] in module fir_filter__parameterized0 is either unconnected or has no load
WARNING: [Synth 8-7129] Port x_in[15] in module fir_filter is either unconnected or has no load
WARNING: [Synth 8-7129] Port x_in[14] in module fir_filter is either unconnected or has no load
WARNING: [Synth 8-7129] Port x_in[13] in module fir_filter is either unconnected or has no load
WARNING: [Synth 8-7129] Port x_in[12] in module fir_filter is either unconnected or has no load
WARNING: [Synth 8-7129] Port x_in[11] in module fir_filter is either unconnected or has no load
WARNING: [Synth 8-7129] Port x_in[10] in module fir_filter is either unconnected or has no load
WARNING: [Synth 8-7129] Port x_in[9] in module fir_filter is either unconnected or has no load
WARNING: [Synth 8-7129] Port x_in[8] in module fir_filter is either unconnected or has no load
WARNING: [Synth 8-7129] Port x_in[7] in module fir_filter is either unconnected or has no load
WARNING: [Synth 8-7129] Port x_in[6] in module fir_filter is either unconnected or has no load
WARNING: [Synth 8-7129] Port x_in[5] in module fir_filter is either unconnected or has no load
WARNING: [Synth 8-7129] Port x_in[4] in module fir_filter is either unconnected or has no load
WARNING: [Synth 8-7129] Port x_in[3] in module fir_filter is either unconnected or has no load
WARNING: [Synth 8-7129] Port x_in[2] in module fir_filter is either unconnected or has no load
WARNING: [Synth 8-7129] Port x_in[1] in module fir_filter is either unconnected or has no load
WARNING: [Synth 8-7129] Port x_in[0] in module fir_filter is either unconnected or has no load
---------------------------------------------------------------------------------
Finished RTL Elaboration : Time (s): cpu = 00:00:07 ; elapsed = 00:00:09 . Memory (MB): peak = 1127.570 ; gain = 572.621
---------------------------------------------------------------------------------
---------------------------------------------------------------------------------
Start Handling Custom Attributes
---------------------------------------------------------------------------------
---------------------------------------------------------------------------------
Finished Handling Custom Attributes : Time (s): cpu = 00:00:07 ; elapsed = 00:00:09 . Memory (MB): peak = 1127.570 ; gain = 572.621
---------------------------------------------------------------------------------
---------------------------------------------------------------------------------
Finished RTL Optimization Phase 1 : Time (s): cpu = 00:00:07 ; elapsed = 00:00:09 . Memory (MB): peak = 1127.570 ; gain = 572.621
---------------------------------------------------------------------------------
Netlist sorting complete. Time (s): cpu = 00:00:00 ; elapsed = 00:00:00.001 . Memory (MB): peak = 1127.570 ; gain = 0.000
INFO: [Project 1-570] Preparing netlist for logic optimization

Processing XDC Constraints
Initializing timing engine
Parsing XDC File [C:/code/FIR-Filter-Design/FIR_L2/FIR_L2.srcs/constrs_1/new/fir_filter.xdc]
WARNING: [Vivado 12-584] No ports matched 'x_in'. [C:/code/FIR-Filter-Design/FIR_L2/FIR_L2.srcs/constrs_1/new/fir_filter.xdc:5]
CRITICAL WARNING: [Vivado 12-4739] set_input_delay:No valid object(s) found for '-objects [get_ports x_in]'. [C:/code/FIR-Filter-Design/FIR_L2/FIR_L2.srcs/constrs_1/new/fir_filter.xdc:5]
Resolution: Check if the specified object(s) exists in the current design. If it does, ensure that the correct design hierarchy was specified for the object. If you are working with clocks, make sure create_clock was used to create the clock object before it is referenced.
WARNING: [Vivado 12-584] No ports matched 'y_out'. [C:/code/FIR-Filter-Design/FIR_L2/FIR_L2.srcs/constrs_1/new/fir_filter.xdc:8]
CRITICAL WARNING: [Vivado 12-4739] set_output_delay:No valid object(s) found for '-objects [get_ports y_out]'. [C:/code/FIR-Filter-Design/FIR_L2/FIR_L2.srcs/constrs_1/new/fir_filter.xdc:8]
Resolution: Check if the specified object(s) exists in the current design. If it does, ensure that the correct design hierarchy was specified for the object. If you are working with clocks, make sure create_clock was used to create the clock object before it is referenced.
Finished Parsing XDC File [C:/code/FIR-Filter-Design/FIR_L2/FIR_L2.srcs/constrs_1/new/fir_filter.xdc]
Completed Processing XDC Constraints

Netlist sorting complete. Time (s): cpu = 00:00:00 ; elapsed = 00:00:00 . Memory (MB): peak = 1197.555 ; gain = 0.000
INFO: [Project 1-111] Unisim Transformation Summary:
No Unisim elements were transformed.

Constraint Validation Runtime : Time (s): cpu = 00:00:00 ; elapsed = 00:00:00.007 . Memory (MB): peak = 1197.555 ; gain = 0.000
---------------------------------------------------------------------------------
Finished Constraint Validation : Time (s): cpu = 00:00:16 ; elapsed = 00:00:19 . Memory (MB): peak = 1197.555 ; gain = 642.605
---------------------------------------------------------------------------------
---------------------------------------------------------------------------------
Start Loading Part and Timing Information
---------------------------------------------------------------------------------
Loading part: xc7k70tfbv676-1
---------------------------------------------------------------------------------
Finished Loading Part and Timing Information : Time (s): cpu = 00:00:16 ; elapsed = 00:00:19 . Memory (MB): peak = 1197.555 ; gain = 642.605
---------------------------------------------------------------------------------
---------------------------------------------------------------------------------
Start Applying 'set_property' XDC Constraints
---------------------------------------------------------------------------------
---------------------------------------------------------------------------------
Finished applying 'set_property' XDC Constraints : Time (s): cpu = 00:00:16 ; elapsed = 00:00:19 . Memory (MB): peak = 1197.555 ; gain = 642.605
---------------------------------------------------------------------------------
---------------------------------------------------------------------------------
Start Preparing Guide Design
---------------------------------------------------------------------------------
CRITICAL WARNING: [Synth 8-6895] The reference checkpoint C:/code/FIR-Filter-Design/FIR_L2/FIR_L2.srcs/utils_1/imports/synth_1/Pipelined_FIR.dcp is not suitable for use with incremental synthesis for this design. Please regenerate the checkpoint for this design with -incremental_synth switch in the same Vivado session that synth_design has been run. Synthesis will continue with the default flow
---------------------------------------------------------------------------------
Finished Doing Graph Differ : Time (s): cpu = 00:00:16 ; elapsed = 00:00:19 . Memory (MB): peak = 1197.555 ; gain = 642.605
---------------------------------------------------------------------------------
---------------------------------------------------------------------------------
Finished Preparing Guide Design : Time (s): cpu = 00:00:16 ; elapsed = 00:00:19 . Memory (MB): peak = 1197.555 ; gain = 642.605
---------------------------------------------------------------------------------
---------------------------------------------------------------------------------
Finished RTL Optimization Phase 2 : Time (s): cpu = 00:00:16 ; elapsed = 00:00:19 . Memory (MB): peak = 1197.555 ; gain = 642.605
---------------------------------------------------------------------------------


Incremental Synthesis Report Summary:

1. Incremental synthesis run: no

   Reason for not running incremental synthesis : 


INFO: [Synth 8-7130] Flow is switching to default flow due to incremental criteria not met. If you would like to alter this behaviour and have the flow terminate instead, please set the following parameter config_implementation {autoIncr.Synth.RejectBehavior Terminate}
---------------------------------------------------------------------------------
Start RTL Component Statistics 
---------------------------------------------------------------------------------
Detailed RTL Component Info : 
+---Adders : 
	   4 Input   40 Bit       Adders := 1     
	   2 Input   17 Bit       Adders := 1     
	   2 Input   16 Bit       Adders := 1     
+---Registers : 
	               16 Bit    Registers := 4     
---------------------------------------------------------------------------------
Finished RTL Component Statistics 
---------------------------------------------------------------------------------
---------------------------------------------------------------------------------
Start Part Resource Summary
---------------------------------------------------------------------------------
Part Resources:
DSPs: 240 (col length:80)
BRAMs: 270 (col length: RAMB18 80 RAMB36 40)
---------------------------------------------------------------------------------
Finished Part Resource Summary
---------------------------------------------------------------------------------
---------------------------------------------------------------------------------
Start Cross Boundary and Area Optimization
---------------------------------------------------------------------------------
WARNING: [Synth 8-7080] Parallel synthesis criteria is not met
WARNING: [Synth 8-3917] design l2_wrapper has port y_out_1[39] driven by constant 0
WARNING: [Synth 8-3917] design l2_wrapper has port y_out_1[38] driven by constant 0
WARNING: [Synth 8-3917] design l2_wrapper has port y_out_1[37] driven by constant 0
WARNING: [Synth 8-3917] design l2_wrapper has port y_out_1[36] driven by constant 0
WARNING: [Synth 8-3917] design l2_wrapper has port y_out_1[35] driven by constant 0
WARNING: [Synth 8-3917] design l2_wrapper has port y_out_1[34] driven by constant 0
WARNING: [Synth 8-3917] design l2_wrapper has port y_out_1[33] driven by constant 0
WARNING: [Synth 8-3917] design l2_wrapper has port y_out_1[32] driven by constant 0
WARNING: [Synth 8-3917] design l2_wrapper has port y_out_1[31] driven by constant 0
WARNING: [Synth 8-3917] design l2_wrapper has port y_out_1[30] driven by constant 0
WARNING: [Synth 8-3917] design l2_wrapper has port y_out_1[29] driven by constant 0
WARNING: [Synth 8-3917] design l2_wrapper has port y_out_1[28] driven by constant 0
WARNING: [Synth 8-3917] design l2_wrapper has port y_out_1[27] driven by constant 0
WARNING: [Synth 8-3917] design l2_wrapper has port y_out_1[26] driven by constant 0
WARNING: [Synth 8-3917] design l2_wrapper has port y_out_1[25] driven by constant 0
WARNING: [Synth 8-3917] design l2_wrapper has port y_out_1[24] driven by constant 0
WARNING: [Synth 8-3917] design l2_wrapper has port y_out_1[23] driven by constant 0
WARNING: [Synth 8-3917] design l2_wrapper has port y_out_1[22] driven by constant 0
WARNING: [Synth 8-3917] design l2_wrapper has port y_out_1[21] driven by constant 0
WARNING: [Synth 8-3917] design l2_wrapper has port y_out_1[20] driven by constant 0
WARNING: [Synth 8-3917] design l2_wrapper has port y_out_1[19] driven by constant 0
WARNING: [Synth 8-3917] design l2_wrapper has port y_out_1[18] driven by constant 0
WARNING: [Synth 8-3917] design l2_wrapper has port y_out_1[17] driven by constant 0
WARNING: [Synth 8-7129] Port x_in_0[15] in module l2_wrapper is either unconnected or has no load
WARNING: [Synth 8-7129] Port x_in_0[14] in module l2_wrapper is either unconnected or has no load
WARNING: [Synth 8-7129] Port x_in_0[13] in module l2_wrapper is either unconnected or has no load
WARNING: [Synth 8-7129] Port x_in_0[12] in module l2_wrapper is either unconnected or has no load
WARNING: [Synth 8-7129] Port x_in_0[11] in module l2_wrapper is either unconnected or has no load
WARNING: [Synth 8-7129] Port x_in_0[10] in module l2_wrapper is either unconnected or has no load
WARNING: [Synth 8-7129] Port x_in_0[9] in module l2_wrapper is either unconnected or has no load
WARNING: [Synth 8-7129] Port x_in_0[8] in module l2_wrapper is either unconnected or has no load
WARNING: [Synth 8-7129] Port x_in_0[7] in module l2_wrapper is either unconnected or has no load
WARNING: [Synth 8-7129] Port x_in_0[6] in module l2_wrapper is either unconnected or has no load
WARNING: [Synth 8-7129] Port x_in_0[5] in module l2_wrapper is either unconnected or has no load
WARNING: [Synth 8-7129] Port x_in_0[4] in module l2_wrapper is either unconnected or has no load
WARNING: [Synth 8-7129] Port x_in_0[3] in module l2_wrapper is either unconnected or has no load
WARNING: [Synth 8-7129] Port x_in_0[2] in module l2_wrapper is either unconnected or has no load
WARNING: [Synth 8-7129] Port x_in_0[1] in module l2_wrapper is either unconnected or has no load
WARNING: [Synth 8-7129] Port x_in_0[0] in module l2_wrapper is either unconnected or has no load
WARNING: [Synth 8-7129] Port x_in_1[15] in module l2_wrapper is either unconnected or has no load
WARNING: [Synth 8-7129] Port x_in_1[14] in module l2_wrapper is either unconnected or has no load
WARNING: [Synth 8-7129] Port x_in_1[13] in module l2_wrapper is either unconnected or has no load
WARNING: [Synth 8-7129] Port x_in_1[12] in module l2_wrapper is either unconnected or has no load
WARNING: [Synth 8-7129] Port x_in_1[11] in module l2_wrapper is either unconnected or has no load
WARNING: [Synth 8-7129] Port x_in_1[10] in module l2_wrapper is either unconnected or has no load
WARNING: [Synth 8-7129] Port x_in_1[9] in module l2_wrapper is either unconnected or has no load
WARNING: [Synth 8-7129] Port x_in_1[8] in module l2_wrapper is either unconnected or has no load
WARNING: [Synth 8-7129] Port x_in_1[7] in module l2_wrapper is either unconnected or has no load
WARNING: [Synth 8-7129] Port x_in_1[6] in module l2_wrapper is either unconnected or has no load
WARNING: [Synth 8-7129] Port x_in_1[5] in module l2_wrapper is either unconnected or has no load
WARNING: [Synth 8-7129] Port x_in_1[4] in module l2_wrapper is either unconnected or has no load
WARNING: [Synth 8-7129] Port x_in_1[3] in module l2_wrapper is either unconnected or has no load
WARNING: [Synth 8-7129] Port x_in_1[2] in module l2_wrapper is either unconnected or has no load
WARNING: [Synth 8-7129] Port x_in_1[1] in module l2_wrapper is either unconnected or has no load
WARNING: [Synth 8-7129] Port x_in_1[0] in module l2_wrapper is either unconnected or has no load
---------------------------------------------------------------------------------
Finished Cross Boundary and Area Optimization : Time (s): cpu = 00:00:18 ; elapsed = 00:00:21 . Memory (MB): peak = 1197.555 ; gain = 642.605
---------------------------------------------------------------------------------
---------------------------------------------------------------------------------
Start Applying XDC Timing Constraints
---------------------------------------------------------------------------------
---------------------------------------------------------------------------------
Finished Applying XDC Timing Constraints : Time (s): cpu = 00:00:25 ; elapsed = 00:00:28 . Memory (MB): peak = 1306.195 ; gain = 751.246
---------------------------------------------------------------------------------
---------------------------------------------------------------------------------
Start Timing Optimization
---------------------------------------------------------------------------------
---------------------------------------------------------------------------------
Finished Timing Optimization : Time (s): cpu = 00:00:25 ; elapsed = 00:00:28 . Memory (MB): peak = 1306.195 ; gain = 751.246
---------------------------------------------------------------------------------
---------------------------------------------------------------------------------
Start Technology Mapping
---------------------------------------------------------------------------------
---------------------------------------------------------------------------------
Finished Technology Mapping : Time (s): cpu = 00:00:25 ; elapsed = 00:00:28 . Memory (MB): peak = 1315.730 ; gain = 760.781
---------------------------------------------------------------------------------
---------------------------------------------------------------------------------
Start IO Insertion
---------------------------------------------------------------------------------
---------------------------------------------------------------------------------
Start Flattening Before IO Insertion
---------------------------------------------------------------------------------
---------------------------------------------------------------------------------
Finished Flattening Before IO Insertion
---------------------------------------------------------------------------------
---------------------------------------------------------------------------------
Start Final Netlist Cleanup
---------------------------------------------------------------------------------
---------------------------------------------------------------------------------
Finished Final Netlist Cleanup
---------------------------------------------------------------------------------
---------------------------------------------------------------------------------
Finished IO Insertion : Time (s): cpu = 00:00:29 ; elapsed = 00:00:32 . Memory (MB): peak = 1532.941 ; gain = 977.992
---------------------------------------------------------------------------------
---------------------------------------------------------------------------------
Start Renaming Generated Instances
---------------------------------------------------------------------------------
---------------------------------------------------------------------------------
Finished Renaming Generated Instances : Time (s): cpu = 00:00:29 ; elapsed = 00:00:32 . Memory (MB): peak = 1532.941 ; gain = 977.992
---------------------------------------------------------------------------------
---------------------------------------------------------------------------------
Start Rebuilding User Hierarchy
---------------------------------------------------------------------------------
---------------------------------------------------------------------------------
Finished Rebuilding User Hierarchy : Time (s): cpu = 00:00:29 ; elapsed = 00:00:32 . Memory (MB): peak = 1532.941 ; gain = 977.992
---------------------------------------------------------------------------------
---------------------------------------------------------------------------------
Start Renaming Generated Ports
---------------------------------------------------------------------------------
---------------------------------------------------------------------------------
Finished Renaming Generated Ports : Time (s): cpu = 00:00:29 ; elapsed = 00:00:32 . Memory (MB): peak = 1532.941 ; gain = 977.992
---------------------------------------------------------------------------------
---------------------------------------------------------------------------------
Start Handling Custom Attributes
---------------------------------------------------------------------------------
---------------------------------------------------------------------------------
Finished Handling Custom Attributes : Time (s): cpu = 00:00:29 ; elapsed = 00:00:32 . Memory (MB): peak = 1532.941 ; gain = 977.992
---------------------------------------------------------------------------------
---------------------------------------------------------------------------------
Start Renaming Generated Nets
---------------------------------------------------------------------------------
---------------------------------------------------------------------------------
Finished Renaming Generated Nets : Time (s): cpu = 00:00:29 ; elapsed = 00:00:32 . Memory (MB): peak = 1532.941 ; gain = 977.992
---------------------------------------------------------------------------------
---------------------------------------------------------------------------------
Start Writing Synthesis Report
---------------------------------------------------------------------------------

Report BlackBoxes: 
+-+--------------+----------+
| |BlackBox name |Instances |
+-+--------------+----------+
+-+--------------+----------+

Report Cell Usage: 
+------+-----+------+
|      |Cell |Count |
+------+-----+------+
|1     |OBUF |    80|
+------+-----+------+
---------------------------------------------------------------------------------
Finished Writing Synthesis Report : Time (s): cpu = 00:00:29 ; elapsed = 00:00:32 . Memory (MB): peak = 1532.941 ; gain = 977.992
---------------------------------------------------------------------------------
Synthesis finished with 0 errors, 1 critical warnings and 56 warnings.
Synthesis Optimization Runtime : Time (s): cpu = 00:00:20 ; elapsed = 00:00:30 . Memory (MB): peak = 1532.941 ; gain = 908.008
Synthesis Optimization Complete : Time (s): cpu = 00:00:29 ; elapsed = 00:00:32 . Memory (MB): peak = 1532.941 ; gain = 977.992
INFO: [Project 1-571] Translating synthesized netlist
Netlist sorting complete. Time (s): cpu = 00:00:00 ; elapsed = 00:00:00 . Memory (MB): peak = 1542.090 ; gain = 0.000
INFO: [Project 1-570] Preparing netlist for logic optimization
INFO: [Opt 31-138] Pushed 0 inverter(s) to 0 load pin(s).
Netlist sorting complete. Time (s): cpu = 00:00:00 ; elapsed = 00:00:00 . Memory (MB): peak = 1545.738 ; gain = 0.000
INFO: [Project 1-111] Unisim Transformation Summary:
No Unisim elements were transformed.

Synth Design complete | Checksum: 4fb3184b
INFO: [Common 17-83] Releasing license: Synthesis
27 Infos, 229 Warnings, 3 Critical Warnings and 0 Errors encountered.
synth_design completed successfully
synth_design: Time (s): cpu = 00:00:34 ; elapsed = 00:00:57 . Memory (MB): peak = 1545.738 ; gain = 1175.070
INFO: [runtcl-6] Synthesis results are not added to the cache due to CRITICAL_WARNING
Write ShapeDB Complete: Time (s): cpu = 00:00:00 ; elapsed = 00:00:00.003 . Memory (MB): peak = 1545.738 ; gain = 0.000
INFO: [Common 17-1381] The checkpoint 'C:/code/FIR-Filter-Design/FIR_L2/FIR_L2.runs/synth_1/l2_wrapper.dcp' has been generated.
INFO: [Vivado 12-24828] Executing command : report_utilization -file l2_wrapper_utilization_synth.rpt -pb l2_wrapper_utilization_synth.pb
INFO: [Common 17-206] Exiting Vivado at Tue Mar 18 23:44:47 2025...
